2024-09-25T22:33:39.222Z - test3@gmail.com - GET /analytics/system-metrics
2024-09-25T22:33:39.231Z - test3@gmail.com - GET /analytics/system-metrics
2024-09-25T22:34:50.996Z - test3@gmail.com - GET /admin/users
2024-09-25T22:34:51.006Z - test3@gmail.com - GET /admin/users
2024-09-25T22:35:32.642Z - test3@gmail.com - GET /analytics/system-metrics
2024-09-25T22:35:32.648Z - test3@gmail.com - GET /analytics/system-metrics
2024-09-28T12:29:20.543Z - therapist@gmail.com - GET /sanity
2024-09-28T12:29:20.624Z - therapist@gmail.com - GET /assessments
2024-09-28T12:29:20.699Z - therapist@gmail.com - GET /sessions
2024-09-28T12:29:20.775Z - therapist@gmail.com - GET /sanity
2024-09-28T12:29:20.966Z - therapist@gmail.com - GET /assessments
2024-09-28T12:29:20.973Z - therapist@gmail.com - GET /sessions
2024-09-28T12:29:30.004Z - therapist@gmail.com - GET /admin/users
2024-09-28T12:29:30.009Z - therapist@gmail.com - GET /admin/users
2024-09-28T13:00:39.957Z - therapist@gmail.com - GET /assessments
2024-09-28T13:00:39.974Z - therapist@gmail.com - GET /sanity
2024-09-28T13:00:39.983Z - therapist@gmail.com - GET /sessions
2024-09-28T13:00:39.986Z - therapist@gmail.com - GET /sanity
2024-09-28T13:00:39.990Z - therapist@gmail.com - GET /assessments
2024-09-28T13:00:40.447Z - therapist@gmail.com - GET /sessions
2024-09-28T14:03:23.072Z - mad7b@comsats.edu.pk - GET /sessions
2024-09-28T14:03:25.281Z - mad7b@comsats.edu.pk - GET /sentiment
2024-09-28T14:03:25.553Z - mad7b@comsats.edu.pk - GET /ser
2024-09-28T14:03:25.882Z - mad7b@comsats.edu.pk - POST /sanity
2024-09-28T14:03:26.323Z - mad7b@comsats.edu.pk - GET /sanity
2024-09-28T14:55:41.637Z - mad7b@comsats.edu.pk - GET /sentiment
2024-09-28T14:55:41.961Z - mad7b@comsats.edu.pk - GET /ser
2024-09-28T14:55:42.484Z - mad7b@comsats.edu.pk - POST /sanity
2024-09-28T14:55:43.062Z - mad7b@comsats.edu.pk - GET /sanity
2024-09-28T16:41:50.593Z - Rhydon@gmail.com - GET /sentiment
2024-09-28T16:41:50.965Z - Rhydon@gmail.com - GET /ser
2024-09-28T16:45:43.543Z - Rhydon@gmail.com - POST /sessions
2024-09-28T16:45:45.342Z - Rhydon@gmail.com - POST /sentiment
2024-09-28T16:45:46.051Z - Rhydon@gmail.com - GET /sessions
2024-09-28T16:46:01.276Z - Rhydon@gmail.com - POST /ser
2024-09-28T16:46:04.216Z - Rhydon@gmail.com - GET /sentiment
2024-09-28T16:46:04.518Z - Rhydon@gmail.com - GET /ser
2024-09-28T16:46:04.845Z - Rhydon@gmail.com - POST /sanity
2024-09-28T16:46:05.216Z - Rhydon@gmail.com - GET /sanity
2024-09-28T16:46:13.292Z - Rhydon@gmail.com - GET /sessions
2024-09-28T16:47:06.879Z - U1@gmail.com - GET /sessions
2024-09-28T16:47:12.323Z - U1@gmail.com - POST /ser
2024-09-28T16:47:13.620Z - U1@gmail.com - GET /sessions
2024-09-28T16:48:01.521Z - U1@gmail.com - POST /sessions
2024-09-28T16:48:06.802Z - U1@gmail.com - POST /sentiment
2024-09-28T16:48:16.262Z - U1@gmail.com - GET /sessions
2024-09-28T16:48:17.662Z - U1@gmail.com - GET /sessions/66f83341be397a4b4092911d
2024-09-28T16:48:44.241Z - U1@gmail.com - GET /sessions
2024-09-28T16:48:49.583Z - U1@gmail.com - POST /ser
2024-09-28T16:48:54.246Z - U1@gmail.com - POST /ser
2024-09-28T16:49:01.033Z - U1@gmail.com - POST /ser
2024-09-28T16:49:23.687Z - U1@gmail.com - POST /ser
2024-09-28T16:49:26.982Z - U1@gmail.com - GET /sentiment
2024-09-28T16:49:27.296Z - U1@gmail.com - GET /ser
2024-09-28T16:49:27.921Z - U1@gmail.com - POST /sanity
2024-09-28T16:49:28.457Z - U1@gmail.com - GET /sanity
2024-09-28T16:49:31.269Z - U1@gmail.com - GET /sentiment
2024-09-28T16:49:31.743Z - U1@gmail.com - GET /ser
2024-09-28T16:49:32.070Z - U1@gmail.com - POST /sanity
2024-09-28T16:49:32.476Z - U1@gmail.com - GET /sanity
2024-09-28T16:49:34.444Z - U1@gmail.com - GET /sessions
2024-09-28T16:49:42.270Z - U1@gmail.com - GET /sessions/66f83341be397a4b4092911d
2024-09-28T16:49:49.318Z - U1@gmail.com - GET /sessions
2024-09-28T16:49:56.040Z - U1@gmail.com - POST /ser
2024-09-28T16:50:01.405Z - U1@gmail.com - POST /ser
2024-09-28T16:50:22.055Z - U1@gmail.com - POST /ser
2024-09-28T16:50:47.320Z - U1@gmail.com - POST /ser
2024-09-28T16:51:02.170Z - U1@gmail.com - POST /ser
2024-09-28T16:51:22.227Z - U1@gmail.com - POST /ser
2024-09-28T16:51:53.380Z - U1@gmail.com - POST /ser
2024-09-28T16:52:21.320Z - U1@gmail.com - POST /ser
2024-09-28T16:52:40.952Z - U1@gmail.com - GET /sentiment
2024-09-28T16:52:41.204Z - U1@gmail.com - GET /ser
2024-09-28T16:52:41.544Z - U1@gmail.com - POST /sanity
2024-09-28T16:52:42.390Z - U1@gmail.com - GET /sanity
2024-09-28T16:53:08.833Z - U1@gmail.com - GET /sentiment
2024-09-28T16:53:09.109Z - U1@gmail.com - GET /ser
2024-09-28T16:53:09.416Z - U1@gmail.com - POST /sanity
2024-09-28T16:53:09.780Z - U1@gmail.com - GET /sanity
2024-09-28T16:53:19.741Z - U1@gmail.com - GET /sentiment
2024-09-28T16:53:20.018Z - U1@gmail.com - GET /ser
2024-09-28T16:53:20.361Z - U1@gmail.com - POST /sanity
2024-09-28T16:53:20.789Z - U1@gmail.com - GET /sanity
2024-09-28T16:53:36.878Z - U1@gmail.com - GET /sentiment
2024-09-28T16:53:37.153Z - U1@gmail.com - GET /ser
2024-09-28T16:53:37.486Z - U1@gmail.com - POST /sanity
2024-09-28T16:53:38.546Z - U1@gmail.com - GET /sanity
2024-09-28T16:53:44.503Z - U1@gmail.com - GET /sessions
